<?xml version="1.0" encoding="UTF-8"?>
<testsuite xmlns:xsi="http://www.w3.org/2001/XMLSchema-instance" xsi:noNamespaceSchemaLocation="https://maven.apache.org/surefire/maven-surefire-plugin/xsd/surefire-test-report.xsd" name="karate.runner.AppTest" time="9.487" tests="11" errors="0" skipped="0" failures="0">
  <properties>
[...]
</properties>
  <testcase name="testApi[1][1]" classname="karate.runner.AppTest" time="1.533"/>
  <testcase name="testApi[2][1]" classname="karate.runner.AppTest" time="1.189"/>
  <testcase name="testApi[2][2]" classname="karate.runner.AppTest" time="0.75"/>
  <testcase name="testApi[3][1]" classname="karate.runner.AppTest" time="0.671"/>
  <testcase name="testApi[3][2]" classname="karate.runner.AppTest" time="0.56"/>
  <testcase name="testApi[3][3]" classname="karate.runner.AppTest" time="0.539"/>
  <testcase name="testApi[3][4]" classname="karate.runner.AppTest" time="0.537"/>
  <testcase name="testApi[3][5]" classname="karate.runner.AppTest" time="0.69"/>
  <testcase name="testApi[4][1]" classname="karate.runner.AppTest" time="0.635"/>
  <testcase name="testApi[4][2]" classname="karate.runner.AppTest" time="0.645"/>
  <testcase name="testApi[5][1]" classname="karate.runner.AppTest" time="0.256"/>
</testsuite>